# JRE version: OpenJDK Runtime Environment (8.0_252-b09) (build 1.8.0_252-b09)
# Java VM: OpenJDK 64-Bit Server VM (25.252-b09 mixed mode windows-amd64 compressed oops)
Heap:
 PSYoungGen      total 218624K, used 121948K [0x00000000d5580000, 0x00000000e8f00000, 0x0000000100000000)
  eden space 197120K, 50% used [0x00000000d5580000,0x00000000db799220,0x00000000e1600000)
  from space 21504K, 99% used [0x00000000e1600000,0x00000000e2afde00,0x00000000e2b00000)
  to   space 23040K, 0% used [0x00000000e7880000,0x00000000e7880000,0x00000000e8f00000)
 ParOldGen       total 326656K, used 18494K [0x0000000080000000, 0x0000000093f00000, 0x00000000d5580000)
  object space 326656K, 5% used [0x0000000080000000,0x000000008120fac0,0x0000000093f00000)
 Metaspace       used 56051K, capacity 58204K, committed 58408K, reserved 1099776K
  class space    used 7321K, capacity 7856K, committed 7976K, reserved 1048576K
GC Heap History (10 events):
Event: 2.869 GC heap before
{Heap before GC invocations=3 (full 1):
 PSYoungGen      total 153088K, used 14369K [0x00000000d5580000, 0x00000000e8080000, 0x0000000100000000)
  eden space 131584K, 0% used [0x00000000d5580000,0x00000000d5580000,0x00000000dd600000)
  from space 21504K, 66% used [0x00000000deb00000,0x00000000df908550,0x00000000e0000000)
  to   space 21504K, 0% used [0x00000000dd600000,0x00000000dd600000,0x00000000deb00000)
 ParOldGen       total 349696K, used 24K [0x0000000080000000, 0x0000000095580000, 0x00000000d5580000)
  object space 349696K, 0% used [0x0000000080000000,0x0000000080006000,0x0000000095580000)
 Metaspace       used 20589K, capacity 21230K, committed 21296K, reserved 1067008K
  class space    used 2893K, capacity 3095K, committed 3120K, reserved 1048576K
Event: 2.899 GC heap after
Heap after GC invocations=3 (full 1):
 PSYoungGen      total 153088K, used 0K [0x00000000d5580000, 0x00000000e8080000, 0x0000000100000000)
  eden space 131584K, 0% used [0x00000000d5580000,0x00000000d5580000,0x00000000dd600000)
  from space 21504K, 0% used [0x00000000deb00000,0x00000000deb00000,0x00000000e0000000)
  to   space 21504K, 0% used [0x00000000dd600000,0x00000000dd600000,0x00000000deb00000)
 ParOldGen       total 208896K, used 13783K [0x0000000080000000, 0x000000008cc00000, 0x00000000d5580000)
  object space 208896K, 6% used [0x0000000080000000,0x0000000080d75e78,0x000000008cc00000)
 Metaspace       used 20589K, capacity 21230K, committed 21296K, reserved 1067008K
  class space    used 2893K, capacity 3095K, committed 3120K, reserved 1048576K
}
Event: 3.949 GC heap before
{Heap before GC invocations=4 (full 1):
 PSYoungGen      total 153088K, used 131584K [0x00000000d5580000, 0x00000000e8080000, 0x0000000100000000)
  eden space 131584K, 100% used [0x00000000d5580000,0x00000000dd600000,0x00000000dd600000)
  from space 21504K, 0% used [0x00000000deb00000,0x00000000deb00000,0x00000000e0000000)
  to   space 21504K, 0% used [0x00000000dd600000,0x00000000dd600000,0x00000000deb00000)
 ParOldGen       total 208896K, used 13783K [0x0000000080000000, 0x000000008cc00000, 0x00000000d5580000)
  object space 208896K, 6% used [0x0000000080000000,0x0000000080d75e78,0x000000008cc00000)
 Metaspace       used 32357K, capacity 33284K, committed 33328K, reserved 1077248K
  class space    used 4373K, capacity 4628K, committed 4656K, reserved 1048576K
Event: 3.959 GC heap after
Heap after GC invocations=4 (full 1):
 PSYoungGen      total 153088K, used 13703K [0x00000000d5580000, 0x00000000e4000000, 0x0000000100000000)
  eden space 131584K, 0% used [0x00000000d5580000,0x00000000d5580000,0x00000000dd600000)
  from space 21504K, 63% used [0x00000000dd600000,0x00000000de361d60,0x00000000deb00000)
  to   space 21504K, 0% used [0x00000000e2b00000,0x00000000e2b00000,0x00000000e4000000)
 ParOldGen       total 208896K, used 13791K [0x0000000080000000, 0x000000008cc00000, 0x00000000d5580000)
  object space 208896K, 6% used [0x0000000080000000,0x0000000080d77e78,0x000000008cc00000)
 Metaspace       used 32357K, capacity 33284K, committed 33328K, reserved 1077248K
  class space    used 4373K, capacity 4628K, committed 4656K, reserved 1048576K
}
Event: 4.256 GC heap before
{Heap before GC invocations=5 (full 1):
 PSYoungGen      total 153088K, used 54273K [0x00000000d5580000, 0x00000000e4000000, 0x0000000100000000)
  eden space 131584K, 30% used [0x00000000d5580000,0x00000000d7d1e958,0x00000000dd600000)
  from space 21504K, 63% used [0x00000000dd600000,0x00000000de361d60,0x00000000deb00000)
  to   space 21504K, 0% used [0x00000000e2b00000,0x00000000e2b00000,0x00000000e4000000)
 ParOldGen       total 208896K, used 13791K [0x0000000080000000, 0x000000008cc00000, 0x00000000d5580000)
  object space 208896K, 6% used [0x0000000080000000,0x0000000080d77e78,0x000000008cc00000)
 Metaspace       used 34404K, capacity 35382K, committed 35496K, reserved 1079296K
  class space    used 4671K, capacity 4941K, committed 5032K, reserved 1048576K
Event: 4.263 GC heap after
Heap after GC invocations=5 (full 1):
 PSYoungGen      total 218624K, used 9372K [0x00000000d5580000, 0x00000000e4980000, 0x0000000100000000)
  eden space 197120K, 0% used [0x00000000d5580000,0x00000000d5580000,0x00000000e1600000)
  from space 21504K, 43% used [0x00000000e2b00000,0x00000000e34271d8,0x00000000e4000000)
  to   space 21504K, 0% used [0x00000000e1600000,0x00000000e1600000,0x00000000e2b00000)
 ParOldGen       total 208896K, used 13799K [0x0000000080000000, 0x000000008cc00000, 0x00000000d5580000)
  object space 208896K, 6% used [0x0000000080000000,0x0000000080d79e78,0x000000008cc00000)
 Metaspace       used 34404K, capacity 35382K, committed 35496K, reserved 1079296K
  class space    used 4671K, capacity 4941K, committed 5032K, reserved 1048576K
}
Event: 4.263 GC heap before
{Heap before GC invocations=6 (full 2):
 PSYoungGen      total 218624K, used 9372K [0x00000000d5580000, 0x00000000e4980000, 0x0000000100000000)
  eden space 197120K, 0% used [0x00000000d5580000,0x00000000d5580000,0x00000000e1600000)
  from space 21504K, 43% used [0x00000000e2b00000,0x00000000e34271d8,0x00000000e4000000)
  to   space 21504K, 0% used [0x00000000e1600000,0x00000000e1600000,0x00000000e2b00000)
 ParOldGen       total 208896K, used 13799K [0x0000000080000000, 0x000000008cc00000, 0x00000000d5580000)
  object space 208896K, 6% used [0x0000000080000000,0x0000000080d79e78,0x000000008cc00000)
 Metaspace       used 34404K, capacity 35382K, committed 35496K, reserved 1079296K
  class space    used 4671K, capacity 4941K, committed 5032K, reserved 1048576K
Event: 4.302 GC heap after
Heap after GC invocations=6 (full 2):
 PSYoungGen      total 218624K, used 0K [0x00000000d5580000, 0x00000000e4980000, 0x0000000100000000)
  eden space 197120K, 0% used [0x00000000d5580000,0x00000000d5580000,0x00000000e1600000)
  from space 21504K, 0% used [0x00000000e2b00000,0x00000000e2b00000,0x00000000e4000000)
  to   space 21504K, 0% used [0x00000000e1600000,0x00000000e1600000,0x00000000e2b00000)
 ParOldGen       total 326656K, used 16801K [0x0000000080000000, 0x0000000093f00000, 0x00000000d5580000)
  object space 326656K, 5% used [0x0000000080000000,0x0000000081068640,0x0000000093f00000)
 Metaspace       used 34404K, capacity 35382K, committed 35496K, reserved 1079296K
  class space    used 4671K, capacity 4941K, committed 5032K, reserved 1048576K
}
Event: 6.183 GC heap before
{Heap before GC invocations=7 (full 2):
 PSYoungGen      total 218624K, used 197120K [0x00000000d5580000, 0x00000000e4980000, 0x0000000100000000)
  eden space 197120K, 100% used [0x00000000d5580000,0x00000000e1600000,0x00000000e1600000)
  from space 21504K, 0% used [0x00000000e2b00000,0x00000000e2b00000,0x00000000e4000000)
  to   space 21504K, 0% used [0x00000000e1600000,0x00000000e1600000,0x00000000e2b00000)
 ParOldGen       total 326656K, used 16801K [0x0000000080000000, 0x0000000093f00000, 0x00000000d5580000)
  object space 326656K, 5% used [0x0000000080000000,0x0000000081068640,0x0000000093f00000)
 Metaspace       used 48800K, capacity 50728K, committed 50984K, reserved 1093632K
  class space    used 6469K, capacity 6925K, committed 6952K, reserved 1048576K
Event: 6.200 GC heap after
Heap after GC invocations=7 (full 2):
 PSYoungGen      total 218624K, used 21495K [0x00000000d5580000, 0x00000000e8f00000, 0x0000000100000000)
  eden space 197120K, 0% used [0x00000000d5580000,0x00000000d5580000,0x00000000e1600000)
  from space 21504K, 99% used [0x00000000e1600000,0x00000000e2afde00,0x00000000e2b00000)
  to   space 23040K, 0% used [0x00000000e7880000,0x00000000e7880000,0x00000000e8f00000)
 ParOldGen       total 326656K, used 18494K [0x0000000080000000, 0x0000000093f00000, 0x00000000d5580000)
  object space 326656K, 5% used [0x0000000080000000,0x000000008120fac0,0x0000000093f00000)
 Metaspace       used 48800K, capacity 50728K, committed 50984K, reserved 1093632K
  class space    used 6469K, capacity 6925K, committed 6952K, reserved 1048576K
}

