# JRE version: OpenJDK Runtime Environment (8.0_252-b09) (build 1.8.0_252-b09)
# Java VM: OpenJDK 64-Bit Server VM (25.252-b09 mixed mode windows-amd64 compressed oops)
Heap:
 PSYoungGen      total 509952K, used 412790K [0x00000000d5580000, 0x0000000100000000, 0x0000000100000000)
  eden space 433152K, 77% used [0x00000000d5580000,0x00000000e9da42d8,0x00000000efc80000)
  from space 76800K, 99% used [0x00000000f6e00000,0x00000000fb8f9918,0x00000000fb900000)
  to   space 116224K, 0% used [0x00000000efc80000,0x00000000efc80000,0x00000000f6e00000)
 ParOldGen       total 532992K, used 168303K [0x0000000080000000, 0x00000000a0880000, 0x00000000d5580000)
  object space 532992K, 31% used [0x0000000080000000,0x000000008a45bd60,0x00000000a0880000)
 Metaspace       used 126072K, capacity 134138K, committed 134296K, reserved 1165312K
  class space    used 15986K, capacity 17544K, committed 17584K, reserved 1048576K
GC Heap History (10 events):
Event: 134.201 GC heap before
{Heap before GC invocations=18 (full 4):
 PSYoungGen      total 431104K, used 418048K [0x00000000d5580000, 0x00000000f6c80000, 0x0000000100000000)
  eden space 372224K, 100% used [0x00000000d5580000,0x00000000ec100000,0x00000000ec100000)
  from space 58880K, 77% used [0x00000000ec100000,0x00000000eedc0010,0x00000000efa80000)
  to   space 62464K, 0% used [0x00000000f2f80000,0x00000000f2f80000,0x00000000f6c80000)
 ParOldGen       total 532992K, used 83924K [0x0000000080000000, 0x00000000a0880000, 0x00000000d5580000)
  object space 532992K, 15% used [0x0000000080000000,0x00000000851f5158,0x00000000a0880000)
 Metaspace       used 105204K, capacity 110182K, committed 110360K, reserved 1144832K
  class space    used 13323K, capacity 14316K, committed 14384K, reserved 1048576K
Event: 134.221 GC heap after
Heap after GC invocations=18 (full 4):
 PSYoungGen      total 482304K, used 46770K [0x00000000d5580000, 0x00000000f7280000, 0x0000000100000000)
  eden space 419840K, 0% used [0x00000000d5580000,0x00000000d5580000,0x00000000eef80000)
  from space 62464K, 74% used [0x00000000f2f80000,0x00000000f5d2cba0,0x00000000f6c80000)
  to   space 65536K, 0% used [0x00000000eef80000,0x00000000eef80000,0x00000000f2f80000)
 ParOldGen       total 532992K, used 83932K [0x0000000080000000, 0x00000000a0880000, 0x00000000d5580000)
  object space 532992K, 15% used [0x0000000080000000,0x00000000851f7158,0x00000000a0880000)
 Metaspace       used 105204K, capacity 110182K, committed 110360K, reserved 1144832K
  class space    used 13323K, capacity 14316K, committed 14384K, reserved 1048576K
}
Event: 139.356 GC heap before
{Heap before GC invocations=19 (full 4):
 PSYoungGen      total 482304K, used 466610K [0x00000000d5580000, 0x00000000f7280000, 0x0000000100000000)
  eden space 419840K, 100% used [0x00000000d5580000,0x00000000eef80000,0x00000000eef80000)
  from space 62464K, 74% used [0x00000000f2f80000,0x00000000f5d2cba0,0x00000000f6c80000)
  to   space 65536K, 0% used [0x00000000eef80000,0x00000000eef80000,0x00000000f2f80000)
 ParOldGen       total 532992K, used 83932K [0x0000000080000000, 0x00000000a0880000, 0x00000000d5580000)
  object space 532992K, 15% used [0x0000000080000000,0x00000000851f7158,0x00000000a0880000)
 Metaspace       used 112801K, capacity 118238K, committed 118296K, reserved 1153024K
  class space    used 14249K, capacity 15352K, committed 15408K, reserved 1048576K
Event: 139.383 GC heap after
Heap after GC invocations=19 (full 4):
 PSYoungGen      total 485376K, used 65508K [0x00000000d5580000, 0x00000000fb900000, 0x0000000100000000)
  eden space 419840K, 0% used [0x00000000d5580000,0x00000000d5580000,0x00000000eef80000)
  from space 65536K, 99% used [0x00000000eef80000,0x00000000f2f79058,0x00000000f2f80000)
  to   space 76800K, 0% used [0x00000000f6e00000,0x00000000f6e00000,0x00000000fb900000)
 ParOldGen       total 532992K, used 90588K [0x0000000080000000, 0x00000000a0880000, 0x00000000d5580000)
  object space 532992K, 16% used [0x0000000080000000,0x00000000858771e0,0x00000000a0880000)
 Metaspace       used 112801K, capacity 118238K, committed 118296K, reserved 1153024K
  class space    used 14249K, capacity 15352K, committed 15408K, reserved 1048576K
}
Event: 194.435 GC heap before
{Heap before GC invocations=20 (full 4):
 PSYoungGen      total 485376K, used 485348K [0x00000000d5580000, 0x00000000fb900000, 0x0000000100000000)
  eden space 419840K, 100% used [0x00000000d5580000,0x00000000eef80000,0x00000000eef80000)
  from space 65536K, 99% used [0x00000000eef80000,0x00000000f2f79058,0x00000000f2f80000)
  to   space 76800K, 0% used [0x00000000f6e00000,0x00000000f6e00000,0x00000000fb900000)
 ParOldGen       total 532992K, used 90588K [0x0000000080000000, 0x00000000a0880000, 0x00000000d5580000)
  object space 532992K, 16% used [0x0000000080000000,0x00000000858771e0,0x00000000a0880000)
 Metaspace       used 115718K, capacity 122468K, committed 122776K, reserved 1157120K
  class space    used 14689K, capacity 15995K, committed 16048K, reserved 1048576K
Event: 194.479 GC heap after
Heap after GC invocations=20 (full 4):
 PSYoungGen      total 531456K, used 76799K [0x00000000d5580000, 0x00000000fd280000, 0x0000000100000000)
  eden space 454656K, 0% used [0x00000000d5580000,0x00000000d5580000,0x00000000f1180000)
  from space 76800K, 99% used [0x00000000f6e00000,0x00000000fb8fff08,0x00000000fb900000)
  to   space 94720K, 0% used [0x00000000f1180000,0x00000000f1180000,0x00000000f6e00000)
 ParOldGen       total 532992K, used 109337K [0x0000000080000000, 0x00000000a0880000, 0x00000000d5580000)
  object space 532992K, 20% used [0x0000000080000000,0x0000000086ac6658,0x00000000a0880000)
 Metaspace       used 115718K, capacity 122468K, committed 122776K, reserved 1157120K
  class space    used 14689K, capacity 15995K, committed 16048K, reserved 1048576K
}
Event: 199.855 GC heap before
{Heap before GC invocations=21 (full 4):
 PSYoungGen      total 531456K, used 531455K [0x00000000d5580000, 0x00000000fd280000, 0x0000000100000000)
  eden space 454656K, 100% used [0x00000000d5580000,0x00000000f1180000,0x00000000f1180000)
  from space 76800K, 99% used [0x00000000f6e00000,0x00000000fb8fff08,0x00000000fb900000)
  to   space 94720K, 0% used [0x00000000f1180000,0x00000000f1180000,0x00000000f6e00000)
 ParOldGen       total 532992K, used 109337K [0x0000000080000000, 0x00000000a0880000, 0x00000000d5580000)
  object space 532992K, 20% used [0x0000000080000000,0x0000000086ac6658,0x00000000a0880000)
 Metaspace       used 117273K, capacity 124062K, committed 124184K, reserved 1157120K
  class space    used 14843K, capacity 16168K, committed 16176K, reserved 1048576K
Event: 199.894 GC heap after
Heap after GC invocations=21 (full 4):
 PSYoungGen      total 549376K, used 68476K [0x00000000d5580000, 0x00000000fd280000, 0x0000000100000000)
  eden space 454656K, 0% used [0x00000000d5580000,0x00000000d5580000,0x00000000f1180000)
  from space 94720K, 72% used [0x00000000f1180000,0x00000000f545f0c8,0x00000000f6e00000)
  to   space 76800K, 0% used [0x00000000f6e00000,0x00000000f6e00000,0x00000000fb900000)
 ParOldGen       total 532992K, used 140804K [0x0000000080000000, 0x00000000a0880000, 0x00000000d5580000)
  object space 532992K, 26% used [0x0000000080000000,0x00000000889811e0,0x00000000a0880000)
 Metaspace       used 117273K, capacity 124062K, committed 124184K, reserved 1157120K
  class space    used 14843K, capacity 16168K, committed 16176K, reserved 1048576K
}
Event: 335.038 GC heap before
{Heap before GC invocations=22 (full 4):
 PSYoungGen      total 549376K, used 523132K [0x00000000d5580000, 0x00000000fd280000, 0x0000000100000000)
  eden space 454656K, 100% used [0x00000000d5580000,0x00000000f1180000,0x00000000f1180000)
  from space 94720K, 72% used [0x00000000f1180000,0x00000000f545f0c8,0x00000000f6e00000)
  to   space 76800K, 0% used [0x00000000f6e00000,0x00000000f6e00000,0x00000000fb900000)
 ParOldGen       total 532992K, used 140804K [0x0000000080000000, 0x00000000a0880000, 0x00000000d5580000)
  object space 532992K, 26% used [0x0000000080000000,0x00000000889811e0,0x00000000a0880000)
 Metaspace       used 125909K, capacity 133904K, committed 134040K, reserved 1165312K
  class space    used 15981K, capacity 17539K, committed 17584K, reserved 1048576K
Event: 335.082 GC heap after
Heap after GC invocations=22 (full 4):
 PSYoungGen      total 509952K, used 76774K [0x00000000d5580000, 0x0000000100000000, 0x0000000100000000)
  eden space 433152K, 0% used [0x00000000d5580000,0x00000000d5580000,0x00000000efc80000)
  from space 76800K, 99% used [0x00000000f6e00000,0x00000000fb8f9918,0x00000000fb900000)
  to   space 116224K, 0% used [0x00000000efc80000,0x00000000efc80000,0x00000000f6e00000)
 ParOldGen       total 532992K, used 168303K [0x0000000080000000, 0x00000000a0880000, 0x00000000d5580000)
  object space 532992K, 31% used [0x0000000080000000,0x000000008a45bd60,0x00000000a0880000)
 Metaspace       used 125909K, capacity 133904K, committed 134040K, reserved 1165312K
  class space    used 15981K, capacity 17539K, committed 17584K, reserved 1048576K
}

