# JRE version: OpenJDK Runtime Environment (8.0_252-b09) (build 1.8.0_252-b09)
# Java VM: OpenJDK 64-Bit Server VM (25.252-b09 mixed mode windows-amd64 compressed oops)
Heap:
 PSYoungGen      total 215552K, used 61748K [0x00000000d5580000, 0x00000000e8a00000, 0x0000000100000000)
  eden space 194048K, 20% used [0x00000000d5580000,0x00000000d7cd2c08,0x00000000e1300000)
  from space 21504K, 99% used [0x00000000e1300000,0x00000000e27fa478,0x00000000e2800000)
  to   space 23552K, 0% used [0x00000000e7300000,0x00000000e7300000,0x00000000e8a00000)
 ParOldGen       total 211968K, used 19400K [0x0000000080000000, 0x000000008cf00000, 0x00000000d5580000)
  object space 211968K, 9% used [0x0000000080000000,0x00000000812f2130,0x000000008cf00000)
 Metaspace       used 52459K, capacity 54198K, committed 54312K, reserved 1095680K
  class space    used 6967K, capacity 7412K, committed 7464K, reserved 1048576K
GC Heap History (10 events):
Event: 2.631 GC heap before
{Heap before GC invocations=3 (full 1):
 PSYoungGen      total 153088K, used 13911K [0x00000000d5580000, 0x00000000e0000000, 0x0000000100000000)
  eden space 131584K, 0% used [0x00000000d5580000,0x00000000d5580000,0x00000000dd600000)
  from space 21504K, 64% used [0x00000000deb00000,0x00000000df895ff8,0x00000000e0000000)
  to   space 21504K, 0% used [0x00000000dd600000,0x00000000dd600000,0x00000000deb00000)
 ParOldGen       total 349696K, used 24K [0x0000000080000000, 0x0000000095580000, 0x00000000d5580000)
  object space 349696K, 0% used [0x0000000080000000,0x0000000080006000,0x0000000095580000)
 Metaspace       used 20649K, capacity 21174K, committed 21296K, reserved 1067008K
  class space    used 2905K, capacity 3087K, committed 3120K, reserved 1048576K
Event: 2.658 GC heap after
Heap after GC invocations=3 (full 1):
 PSYoungGen      total 153088K, used 0K [0x00000000d5580000, 0x00000000e0000000, 0x0000000100000000)
  eden space 131584K, 0% used [0x00000000d5580000,0x00000000d5580000,0x00000000dd600000)
  from space 21504K, 0% used [0x00000000deb00000,0x00000000deb00000,0x00000000e0000000)
  to   space 21504K, 0% used [0x00000000dd600000,0x00000000dd600000,0x00000000deb00000)
 ParOldGen       total 211968K, used 13405K [0x0000000080000000, 0x000000008cf00000, 0x00000000d5580000)
  object space 211968K, 6% used [0x0000000080000000,0x0000000080d17528,0x000000008cf00000)
 Metaspace       used 20649K, capacity 21174K, committed 21296K, reserved 1067008K
  class space    used 2905K, capacity 3087K, committed 3120K, reserved 1048576K
}
Event: 3.818 GC heap before
{Heap before GC invocations=4 (full 1):
 PSYoungGen      total 153088K, used 131584K [0x00000000d5580000, 0x00000000e0000000, 0x0000000100000000)
  eden space 131584K, 100% used [0x00000000d5580000,0x00000000dd600000,0x00000000dd600000)
  from space 21504K, 0% used [0x00000000deb00000,0x00000000deb00000,0x00000000e0000000)
  to   space 21504K, 0% used [0x00000000dd600000,0x00000000dd600000,0x00000000deb00000)
 ParOldGen       total 211968K, used 13405K [0x0000000080000000, 0x000000008cf00000, 0x00000000d5580000)
  object space 211968K, 6% used [0x0000000080000000,0x0000000080d17528,0x000000008cf00000)
 Metaspace       used 32273K, capacity 33034K, committed 33328K, reserved 1077248K
  class space    used 4391K, capacity 4644K, committed 4656K, reserved 1048576K
Event: 3.826 GC heap after
Heap after GC invocations=4 (full 1):
 PSYoungGen      total 153088K, used 13873K [0x00000000d5580000, 0x00000000e3d00000, 0x0000000100000000)
  eden space 131584K, 0% used [0x00000000d5580000,0x00000000d5580000,0x00000000dd600000)
  from space 21504K, 64% used [0x00000000dd600000,0x00000000de38c7e8,0x00000000deb00000)
  to   space 21504K, 0% used [0x00000000e2800000,0x00000000e2800000,0x00000000e3d00000)
 ParOldGen       total 211968K, used 13413K [0x0000000080000000, 0x000000008cf00000, 0x00000000d5580000)
  object space 211968K, 6% used [0x0000000080000000,0x0000000080d19528,0x000000008cf00000)
 Metaspace       used 32273K, capacity 33034K, committed 33328K, reserved 1077248K
  class space    used 4391K, capacity 4644K, committed 4656K, reserved 1048576K
}
Event: 4.176 GC heap before
{Heap before GC invocations=5 (full 1):
 PSYoungGen      total 153088K, used 63760K [0x00000000d5580000, 0x00000000e3d00000, 0x0000000100000000)
  eden space 131584K, 37% used [0x00000000d5580000,0x00000000d8637b70,0x00000000dd600000)
  from space 21504K, 64% used [0x00000000dd600000,0x00000000de38c7e8,0x00000000deb00000)
  to   space 21504K, 0% used [0x00000000e2800000,0x00000000e2800000,0x00000000e3d00000)
 ParOldGen       total 211968K, used 13413K [0x0000000080000000, 0x000000008cf00000, 0x00000000d5580000)
  object space 211968K, 6% used [0x0000000080000000,0x0000000080d19528,0x000000008cf00000)
 Metaspace       used 34628K, capacity 35428K, committed 35496K, reserved 1079296K
  class space    used 4718K, capacity 4975K, committed 5032K, reserved 1048576K
Event: 4.183 GC heap after
Heap after GC invocations=5 (full 1):
 PSYoungGen      total 215552K, used 10213K [0x00000000d5580000, 0x00000000e4500000, 0x0000000100000000)
  eden space 194048K, 0% used [0x00000000d5580000,0x00000000d5580000,0x00000000e1300000)
  from space 21504K, 47% used [0x00000000e2800000,0x00000000e31f9420,0x00000000e3d00000)
  to   space 21504K, 0% used [0x00000000e1300000,0x00000000e1300000,0x00000000e2800000)
 ParOldGen       total 211968K, used 13421K [0x0000000080000000, 0x000000008cf00000, 0x00000000d5580000)
  object space 211968K, 6% used [0x0000000080000000,0x0000000080d1b528,0x000000008cf00000)
 Metaspace       used 34628K, capacity 35428K, committed 35496K, reserved 1079296K
  class space    used 4718K, capacity 4975K, committed 5032K, reserved 1048576K
}
Event: 4.183 GC heap before
{Heap before GC invocations=6 (full 2):
 PSYoungGen      total 215552K, used 10213K [0x00000000d5580000, 0x00000000e4500000, 0x0000000100000000)
  eden space 194048K, 0% used [0x00000000d5580000,0x00000000d5580000,0x00000000e1300000)
  from space 21504K, 47% used [0x00000000e2800000,0x00000000e31f9420,0x00000000e3d00000)
  to   space 21504K, 0% used [0x00000000e1300000,0x00000000e1300000,0x00000000e2800000)
 ParOldGen       total 211968K, used 13421K [0x0000000080000000, 0x000000008cf00000, 0x00000000d5580000)
  object space 211968K, 6% used [0x0000000080000000,0x0000000080d1b528,0x000000008cf00000)
 Metaspace       used 34628K, capacity 35428K, committed 35496K, reserved 1079296K
  class space    used 4718K, capacity 4975K, committed 5032K, reserved 1048576K
Event: 4.222 GC heap after
Heap after GC invocations=6 (full 2):
 PSYoungGen      total 215552K, used 0K [0x00000000d5580000, 0x00000000e4500000, 0x0000000100000000)
  eden space 194048K, 0% used [0x00000000d5580000,0x00000000d5580000,0x00000000e1300000)
  from space 21504K, 0% used [0x00000000e2800000,0x00000000e2800000,0x00000000e3d00000)
  to   space 21504K, 0% used [0x00000000e1300000,0x00000000e1300000,0x00000000e2800000)
 ParOldGen       total 211968K, used 16638K [0x0000000080000000, 0x000000008cf00000, 0x00000000d5580000)
  object space 211968K, 7% used [0x0000000080000000,0x000000008103fa20,0x000000008cf00000)
 Metaspace       used 34628K, capacity 35428K, committed 35496K, reserved 1079296K
  class space    used 4718K, capacity 4975K, committed 5032K, reserved 1048576K
}
Event: 6.070 GC heap before
{Heap before GC invocations=7 (full 2):
 PSYoungGen      total 215552K, used 194048K [0x00000000d5580000, 0x00000000e4500000, 0x0000000100000000)
  eden space 194048K, 100% used [0x00000000d5580000,0x00000000e1300000,0x00000000e1300000)
  from space 21504K, 0% used [0x00000000e2800000,0x00000000e2800000,0x00000000e3d00000)
  to   space 21504K, 0% used [0x00000000e1300000,0x00000000e1300000,0x00000000e2800000)
 ParOldGen       total 211968K, used 16638K [0x0000000080000000, 0x000000008cf00000, 0x00000000d5580000)
  object space 211968K, 7% used [0x0000000080000000,0x000000008103fa20,0x000000008cf00000)
 Metaspace       used 51106K, capacity 52752K, committed 53032K, reserved 1095680K
  class space    used 6777K, capacity 7170K, committed 7208K, reserved 1048576K
Event: 6.087 GC heap after
Heap after GC invocations=7 (full 2):
 PSYoungGen      total 215552K, used 21481K [0x00000000d5580000, 0x00000000e8a00000, 0x0000000100000000)
  eden space 194048K, 0% used [0x00000000d5580000,0x00000000d5580000,0x00000000e1300000)
  from space 21504K, 99% used [0x00000000e1300000,0x00000000e27fa478,0x00000000e2800000)
  to   space 23552K, 0% used [0x00000000e7300000,0x00000000e7300000,0x00000000e8a00000)
 ParOldGen       total 211968K, used 19400K [0x0000000080000000, 0x000000008cf00000, 0x00000000d5580000)
  object space 211968K, 9% used [0x0000000080000000,0x00000000812f2130,0x000000008cf00000)
 Metaspace       used 51106K, capacity 52752K, committed 53032K, reserved 1095680K
  class space    used 6777K, capacity 7170K, committed 7208K, reserved 1048576K
}

