# JRE version: OpenJDK Runtime Environment (8.0_252-b09) (build 1.8.0_252-b09)
# Java VM: OpenJDK 64-Bit Server VM (25.252-b09 mixed mode windows-amd64 compressed oops)
Heap:
 PSYoungGen      total 218112K, used 122910K [0x00000000d5580000, 0x00000000e4c00000, 0x0000000100000000)
  eden space 196608K, 51% used [0x00000000d5580000,0x00000000db8895b0,0x00000000e1580000)
  from space 21504K, 99% used [0x00000000e2a80000,0x00000000e3f7e590,0x00000000e3f80000)
  to   space 21504K, 0% used [0x00000000e1580000,0x00000000e1580000,0x00000000e2a80000)
 ParOldGen       total 210944K, used 45271K [0x0000000080000000, 0x000000008ce00000, 0x00000000d5580000)
  object space 210944K, 21% used [0x0000000080000000,0x0000000082c35c18,0x000000008ce00000)
 Metaspace       used 75123K, capacity 78654K, committed 78936K, reserved 1118208K
  class space    used 9913K, capacity 10568K, committed 10624K, reserved 1048576K
GC Heap History (10 events):
Event: 5.933 GC heap before
{Heap before GC invocations=7 (full 2):
 PSYoungGen      total 218112K, used 196608K [0x00000000d5580000, 0x00000000e4c00000, 0x0000000100000000)
  eden space 196608K, 100% used [0x00000000d5580000,0x00000000e1580000,0x00000000e1580000)
  from space 21504K, 0% used [0x00000000e2a80000,0x00000000e2a80000,0x00000000e3f80000)
  to   space 21504K, 0% used [0x00000000e1580000,0x00000000e1580000,0x00000000e2a80000)
 ParOldGen       total 210944K, used 16199K [0x0000000080000000, 0x000000008ce00000, 0x00000000d5580000)
  object space 210944K, 7% used [0x0000000080000000,0x0000000080fd1d98,0x000000008ce00000)
 Metaspace       used 50887K, capacity 52584K, committed 52824K, reserved 1095680K
  class space    used 6759K, capacity 7174K, committed 7296K, reserved 1048576K
Event: 5.949 GC heap after
Heap after GC invocations=7 (full 2):
 PSYoungGen      total 218112K, used 21473K [0x00000000d5580000, 0x00000000e4c00000, 0x0000000100000000)
  eden space 196608K, 0% used [0x00000000d5580000,0x00000000d5580000,0x00000000e1580000)
  from space 21504K, 99% used [0x00000000e1580000,0x00000000e2a78490,0x00000000e2a80000)
  to   space 21504K, 0% used [0x00000000e2a80000,0x00000000e2a80000,0x00000000e3f80000)
 ParOldGen       total 210944K, used 19117K [0x0000000080000000, 0x000000008ce00000, 0x00000000d5580000)
  object space 210944K, 9% used [0x0000000080000000,0x00000000812ab690,0x000000008ce00000)
 Metaspace       used 50887K, capacity 52584K, committed 52824K, reserved 1095680K
  class space    used 6759K, capacity 7174K, committed 7296K, reserved 1048576K
}
Event: 6.781 GC heap before
{Heap before GC invocations=8 (full 2):
 PSYoungGen      total 218112K, used 111818K [0x00000000d5580000, 0x00000000e4c00000, 0x0000000100000000)
  eden space 196608K, 45% used [0x00000000d5580000,0x00000000dadba5d8,0x00000000e1580000)
  from space 21504K, 99% used [0x00000000e1580000,0x00000000e2a78490,0x00000000e2a80000)
  to   space 21504K, 0% used [0x00000000e2a80000,0x00000000e2a80000,0x00000000e3f80000)
 ParOldGen       total 210944K, used 19117K [0x0000000080000000, 0x000000008ce00000, 0x00000000d5580000)
  object space 210944K, 9% used [0x0000000080000000,0x00000000812ab690,0x000000008ce00000)
 Metaspace       used 57002K, capacity 58962K, committed 59028K, reserved 1099776K
  class space    used 7703K, capacity 8182K, committed 8192K, reserved 1048576K
Event: 6.794 GC heap after
Heap after GC invocations=8 (full 2):
 PSYoungGen      total 218112K, used 21477K [0x00000000d5580000, 0x00000000e4c00000, 0x0000000100000000)
  eden space 196608K, 0% used [0x00000000d5580000,0x00000000d5580000,0x00000000e1580000)
  from space 21504K, 99% used [0x00000000e2a80000,0x00000000e3f79528,0x00000000e3f80000)
  to   space 21504K, 0% used [0x00000000e1580000,0x00000000e1580000,0x00000000e2a80000)
 ParOldGen       total 210944K, used 20991K [0x0000000080000000, 0x000000008ce00000, 0x00000000d5580000)
  object space 210944K, 9% used [0x0000000080000000,0x000000008147ff70,0x000000008ce00000)
 Metaspace       used 57002K, capacity 58962K, committed 59028K, reserved 1099776K
  class space    used 7703K, capacity 8182K, committed 8192K, reserved 1048576K
}
Event: 6.794 GC heap before
{Heap before GC invocations=9 (full 3):
 PSYoungGen      total 218112K, used 21477K [0x00000000d5580000, 0x00000000e4c00000, 0x0000000100000000)
  eden space 196608K, 0% used [0x00000000d5580000,0x00000000d5580000,0x00000000e1580000)
  from space 21504K, 99% used [0x00000000e2a80000,0x00000000e3f79528,0x00000000e3f80000)
  to   space 21504K, 0% used [0x00000000e1580000,0x00000000e1580000,0x00000000e2a80000)
 ParOldGen       total 210944K, used 20991K [0x0000000080000000, 0x000000008ce00000, 0x00000000d5580000)
  object space 210944K, 9% used [0x0000000080000000,0x000000008147ff70,0x000000008ce00000)
 Metaspace       used 57002K, capacity 58962K, committed 59028K, reserved 1099776K
  class space    used 7703K, capacity 8182K, committed 8192K, reserved 1048576K
Event: 6.972 GC heap after
Heap after GC invocations=9 (full 3):
 PSYoungGen      total 218112K, used 0K [0x00000000d5580000, 0x00000000e4c00000, 0x0000000100000000)
  eden space 196608K, 0% used [0x00000000d5580000,0x00000000d5580000,0x00000000e1580000)
  from space 21504K, 0% used [0x00000000e2a80000,0x00000000e2a80000,0x00000000e3f80000)
  to   space 21504K, 0% used [0x00000000e1580000,0x00000000e1580000,0x00000000e2a80000)
 ParOldGen       total 210944K, used 35709K [0x0000000080000000, 0x000000008ce00000, 0x00000000d5580000)
  object space 210944K, 16% used [0x0000000080000000,0x00000000822df590,0x000000008ce00000)
 Metaspace       used 56956K, capacity 58806K, committed 59028K, reserved 1099776K
  class space    used 7689K, capacity 8156K, committed 8192K, reserved 1048576K
}
Event: 14.888 GC heap before
{Heap before GC invocations=10 (full 3):
 PSYoungGen      total 218112K, used 196608K [0x00000000d5580000, 0x00000000e4c00000, 0x0000000100000000)
  eden space 196608K, 100% used [0x00000000d5580000,0x00000000e1580000,0x00000000e1580000)
  from space 21504K, 0% used [0x00000000e2a80000,0x00000000e2a80000,0x00000000e3f80000)
  to   space 21504K, 0% used [0x00000000e1580000,0x00000000e1580000,0x00000000e2a80000)
 ParOldGen       total 210944K, used 35709K [0x0000000080000000, 0x000000008ce00000, 0x00000000d5580000)
  object space 210944K, 16% used [0x0000000080000000,0x00000000822df590,0x000000008ce00000)
 Metaspace       used 67784K, capacity 70204K, committed 70360K, reserved 1110016K
  class space    used 9058K, capacity 9637K, committed 9728K, reserved 1048576K
Event: 14.898 GC heap after
Heap after GC invocations=10 (full 3):
 PSYoungGen      total 218112K, used 18059K [0x00000000d5580000, 0x00000000e4c00000, 0x0000000100000000)
  eden space 196608K, 0% used [0x00000000d5580000,0x00000000d5580000,0x00000000e1580000)
  from space 21504K, 83% used [0x00000000e1580000,0x00000000e2722c78,0x00000000e2a80000)
  to   space 21504K, 0% used [0x00000000e2a80000,0x00000000e2a80000,0x00000000e3f80000)
 ParOldGen       total 210944K, used 35717K [0x0000000080000000, 0x000000008ce00000, 0x00000000d5580000)
  object space 210944K, 16% used [0x0000000080000000,0x00000000822e1590,0x000000008ce00000)
 Metaspace       used 67784K, capacity 70204K, committed 70360K, reserved 1110016K
  class space    used 9058K, capacity 9637K, committed 9728K, reserved 1048576K
}
Event: 16.462 GC heap before
{Heap before GC invocations=11 (full 3):
 PSYoungGen      total 218112K, used 214667K [0x00000000d5580000, 0x00000000e4c00000, 0x0000000100000000)
  eden space 196608K, 100% used [0x00000000d5580000,0x00000000e1580000,0x00000000e1580000)
  from space 21504K, 83% used [0x00000000e1580000,0x00000000e2722c78,0x00000000e2a80000)
  to   space 21504K, 0% used [0x00000000e2a80000,0x00000000e2a80000,0x00000000e3f80000)
 ParOldGen       total 210944K, used 35721K [0x0000000080000000, 0x000000008ce00000, 0x00000000d5580000)
  object space 210944K, 16% used [0x0000000080000000,0x00000000822e25a0,0x000000008ce00000)
 Metaspace       used 74245K, capacity 77782K, committed 77912K, reserved 1116160K
  class space    used 9832K, capacity 10518K, committed 10624K, reserved 1048576K
Event: 16.480 GC heap after
Heap after GC invocations=11 (full 3):
 PSYoungGen      total 218112K, used 21497K [0x00000000d5580000, 0x00000000e4c00000, 0x0000000100000000)
  eden space 196608K, 0% used [0x00000000d5580000,0x00000000d5580000,0x00000000e1580000)
  from space 21504K, 99% used [0x00000000e2a80000,0x00000000e3f7e590,0x00000000e3f80000)
  to   space 21504K, 0% used [0x00000000e1580000,0x00000000e1580000,0x00000000e2a80000)
 ParOldGen       total 210944K, used 45271K [0x0000000080000000, 0x000000008ce00000, 0x00000000d5580000)
  object space 210944K, 21% used [0x0000000080000000,0x0000000082c35c18,0x000000008ce00000)
 Metaspace       used 74245K, capacity 77782K, committed 77912K, reserved 1116160K
  class space    used 9832K, capacity 10518K, committed 10624K, reserved 1048576K
}

