# JRE version: OpenJDK Runtime Environment (8.0_252-b09) (build 1.8.0_252-b09)
# Java VM: OpenJDK 64-Bit Server VM (25.252-b09 mixed mode windows-amd64 compressed oops)
Heap:
 PSYoungGen      total 221184K, used 116282K [0x00000000d5580000, 0x00000000e8f80000, 0x0000000100000000)
  eden space 199680K, 47% used [0x00000000d5580000,0x00000000db20ed00,0x00000000e1880000)
  from space 21504K, 99% used [0x00000000e1880000,0x00000000e2d7fcd0,0x00000000e2d80000)
  to   space 22016K, 0% used [0x00000000e7a00000,0x00000000e7a00000,0x00000000e8f80000)
 ParOldGen       total 327168K, used 17395K [0x0000000080000000, 0x0000000093f80000, 0x00000000d5580000)
  object space 327168K, 5% used [0x0000000080000000,0x00000000810fce70,0x0000000093f80000)
 Metaspace       used 56039K, capacity 58164K, committed 58408K, reserved 1099776K
  class space    used 7319K, capacity 7860K, committed 7976K, reserved 1048576K
GC Heap History (10 events):
Event: 2.639 GC heap before
{Heap before GC invocations=3 (full 1):
 PSYoungGen      total 153088K, used 14439K [0x00000000d5580000, 0x00000000e8080000, 0x0000000100000000)
  eden space 131584K, 0% used [0x00000000d5580000,0x00000000d5580000,0x00000000dd600000)
  from space 21504K, 67% used [0x00000000deb00000,0x00000000df919fa0,0x00000000e0000000)
  to   space 21504K, 0% used [0x00000000dd600000,0x00000000dd600000,0x00000000deb00000)
 ParOldGen       total 349696K, used 24K [0x0000000080000000, 0x0000000095580000, 0x00000000d5580000)
  object space 349696K, 0% used [0x0000000080000000,0x0000000080006000,0x0000000095580000)
 Metaspace       used 20562K, capacity 21230K, committed 21296K, reserved 1067008K
  class space    used 2894K, capacity 3095K, committed 3120K, reserved 1048576K
Event: 2.667 GC heap after
Heap after GC invocations=3 (full 1):
 PSYoungGen      total 153088K, used 0K [0x00000000d5580000, 0x00000000e8080000, 0x0000000100000000)
  eden space 131584K, 0% used [0x00000000d5580000,0x00000000d5580000,0x00000000dd600000)
  from space 21504K, 0% used [0x00000000deb00000,0x00000000deb00000,0x00000000e0000000)
  to   space 21504K, 0% used [0x00000000dd600000,0x00000000dd600000,0x00000000deb00000)
 ParOldGen       total 209920K, used 13867K [0x0000000080000000, 0x000000008cd00000, 0x00000000d5580000)
  object space 209920K, 6% used [0x0000000080000000,0x0000000080d8ae08,0x000000008cd00000)
 Metaspace       used 20562K, capacity 21230K, committed 21296K, reserved 1067008K
  class space    used 2894K, capacity 3095K, committed 3120K, reserved 1048576K
}
Event: 3.717 GC heap before
{Heap before GC invocations=4 (full 1):
 PSYoungGen      total 153088K, used 131584K [0x00000000d5580000, 0x00000000e8080000, 0x0000000100000000)
  eden space 131584K, 100% used [0x00000000d5580000,0x00000000dd600000,0x00000000dd600000)
  from space 21504K, 0% used [0x00000000deb00000,0x00000000deb00000,0x00000000e0000000)
  to   space 21504K, 0% used [0x00000000dd600000,0x00000000dd600000,0x00000000deb00000)
 ParOldGen       total 209920K, used 13867K [0x0000000080000000, 0x000000008cd00000, 0x00000000d5580000)
  object space 209920K, 6% used [0x0000000080000000,0x0000000080d8ae08,0x000000008cd00000)
 Metaspace       used 32357K, capacity 33386K, committed 33712K, reserved 1079296K
  class space    used 4374K, capacity 4666K, committed 4784K, reserved 1048576K
Event: 3.729 GC heap after
Heap after GC invocations=4 (full 1):
 PSYoungGen      total 153088K, used 13606K [0x00000000d5580000, 0x00000000e4280000, 0x0000000100000000)
  eden space 131584K, 0% used [0x00000000d5580000,0x00000000d5580000,0x00000000dd600000)
  from space 21504K, 63% used [0x00000000dd600000,0x00000000de349a40,0x00000000deb00000)
  to   space 21504K, 0% used [0x00000000e2d80000,0x00000000e2d80000,0x00000000e4280000)
 ParOldGen       total 209920K, used 13875K [0x0000000080000000, 0x000000008cd00000, 0x00000000d5580000)
  object space 209920K, 6% used [0x0000000080000000,0x0000000080d8ce08,0x000000008cd00000)
 Metaspace       used 32357K, capacity 33386K, committed 33712K, reserved 1079296K
  class space    used 4374K, capacity 4666K, committed 4784K, reserved 1048576K
}
Event: 4.034 GC heap before
{Heap before GC invocations=5 (full 1):
 PSYoungGen      total 153088K, used 52462K [0x00000000d5580000, 0x00000000e4280000, 0x0000000100000000)
  eden space 131584K, 29% used [0x00000000d5580000,0x00000000d7b71fd0,0x00000000dd600000)
  from space 21504K, 63% used [0x00000000dd600000,0x00000000de349a40,0x00000000deb00000)
  to   space 21504K, 0% used [0x00000000e2d80000,0x00000000e2d80000,0x00000000e4280000)
 ParOldGen       total 209920K, used 13875K [0x0000000080000000, 0x000000008cd00000, 0x00000000d5580000)
  object space 209920K, 6% used [0x0000000080000000,0x0000000080d8ce08,0x000000008cd00000)
 Metaspace       used 34394K, capacity 35382K, committed 35496K, reserved 1079296K
  class space    used 4670K, capacity 4941K, committed 5032K, reserved 1048576K
Event: 4.040 GC heap after
Heap after GC invocations=5 (full 1):
 PSYoungGen      total 221184K, used 9495K [0x00000000d5580000, 0x00000000e4880000, 0x0000000100000000)
  eden space 199680K, 0% used [0x00000000d5580000,0x00000000d5580000,0x00000000e1880000)
  from space 21504K, 44% used [0x00000000e2d80000,0x00000000e36c5d88,0x00000000e4280000)
  to   space 21504K, 0% used [0x00000000e1880000,0x00000000e1880000,0x00000000e2d80000)
 ParOldGen       total 209920K, used 13883K [0x0000000080000000, 0x000000008cd00000, 0x00000000d5580000)
  object space 209920K, 6% used [0x0000000080000000,0x0000000080d8ee08,0x000000008cd00000)
 Metaspace       used 34394K, capacity 35382K, committed 35496K, reserved 1079296K
  class space    used 4670K, capacity 4941K, committed 5032K, reserved 1048576K
}
Event: 4.040 GC heap before
{Heap before GC invocations=6 (full 2):
 PSYoungGen      total 221184K, used 9495K [0x00000000d5580000, 0x00000000e4880000, 0x0000000100000000)
  eden space 199680K, 0% used [0x00000000d5580000,0x00000000d5580000,0x00000000e1880000)
  from space 21504K, 44% used [0x00000000e2d80000,0x00000000e36c5d88,0x00000000e4280000)
  to   space 21504K, 0% used [0x00000000e1880000,0x00000000e1880000,0x00000000e2d80000)
 ParOldGen       total 209920K, used 13883K [0x0000000080000000, 0x000000008cd00000, 0x00000000d5580000)
  object space 209920K, 6% used [0x0000000080000000,0x0000000080d8ee08,0x000000008cd00000)
 Metaspace       used 34394K, capacity 35382K, committed 35496K, reserved 1079296K
  class space    used 4670K, capacity 4941K, committed 5032K, reserved 1048576K
Event: 4.079 GC heap after
Heap after GC invocations=6 (full 2):
 PSYoungGen      total 221184K, used 0K [0x00000000d5580000, 0x00000000e4880000, 0x0000000100000000)
  eden space 199680K, 0% used [0x00000000d5580000,0x00000000d5580000,0x00000000e1880000)
  from space 21504K, 0% used [0x00000000e2d80000,0x00000000e2d80000,0x00000000e4280000)
  to   space 21504K, 0% used [0x00000000e1880000,0x00000000e1880000,0x00000000e2d80000)
 ParOldGen       total 327168K, used 16857K [0x0000000080000000, 0x0000000093f80000, 0x00000000d5580000)
  object space 327168K, 5% used [0x0000000080000000,0x00000000810764b0,0x0000000093f80000)
 Metaspace       used 34394K, capacity 35382K, committed 35496K, reserved 1079296K
  class space    used 4670K, capacity 4941K, committed 5032K, reserved 1048576K
}
Event: 6.012 GC heap before
{Heap before GC invocations=7 (full 2):
 PSYoungGen      total 221184K, used 199680K [0x00000000d5580000, 0x00000000e4880000, 0x0000000100000000)
  eden space 199680K, 100% used [0x00000000d5580000,0x00000000e1880000,0x00000000e1880000)
  from space 21504K, 0% used [0x00000000e2d80000,0x00000000e2d80000,0x00000000e4280000)
  to   space 21504K, 0% used [0x00000000e1880000,0x00000000e1880000,0x00000000e2d80000)
 ParOldGen       total 327168K, used 16857K [0x0000000080000000, 0x0000000093f80000, 0x00000000d5580000)
  object space 327168K, 5% used [0x0000000080000000,0x00000000810764b0,0x0000000093f80000)
 Metaspace       used 48961K, capacity 50880K, committed 50984K, reserved 1093632K
  class space    used 6488K, capacity 6929K, committed 6952K, reserved 1048576K
Event: 6.027 GC heap after
Heap after GC invocations=7 (full 2):
 PSYoungGen      total 221184K, used 21503K [0x00000000d5580000, 0x00000000e8f80000, 0x0000000100000000)
  eden space 199680K, 0% used [0x00000000d5580000,0x00000000d5580000,0x00000000e1880000)
  from space 21504K, 99% used [0x00000000e1880000,0x00000000e2d7fcd0,0x00000000e2d80000)
  to   space 22016K, 0% used [0x00000000e7a00000,0x00000000e7a00000,0x00000000e8f80000)
 ParOldGen       total 327168K, used 17395K [0x0000000080000000, 0x0000000093f80000, 0x00000000d5580000)
  object space 327168K, 5% used [0x0000000080000000,0x00000000810fce70,0x0000000093f80000)
 Metaspace       used 48961K, capacity 50880K, committed 50984K, reserved 1093632K
  class space    used 6488K, capacity 6929K, committed 6952K, reserved 1048576K
}

