# JRE version: OpenJDK Runtime Environment (8.0_252-b09) (build 1.8.0_252-b09)
# Java VM: OpenJDK 64-Bit Server VM (25.252-b09 mixed mode windows-amd64 compressed oops)
Heap:
 PSYoungGen      total 478208K, used 234396K [0x00000000d5580000, 0x00000000ff280000, 0x0000000100000000)
  eden space 283136K, 53% used [0x00000000d5580000,0x00000000deab80f0,0x00000000e6a00000)
  from space 195072K, 41% used [0x00000000e6a00000,0x00000000eb9af008,0x00000000f2880000)
  to   space 190464K, 0% used [0x00000000f3880000,0x00000000f3880000,0x00000000ff280000)
 ParOldGen       total 714752K, used 192780K [0x0000000080000000, 0x00000000aba00000, 0x00000000d5580000)
  object space 714752K, 26% used [0x0000000080000000,0x000000008bc43098,0x00000000aba00000)
 Metaspace       used 174270K, capacity 189904K, committed 190104K, reserved 1214464K
  class space    used 21820K, capacity 24719K, committed 24744K, reserved 1048576K
GC Heap History (10 events):
Event: 16685.303 GC heap before
{Heap before GC invocations=117 (full 8):
 PSYoungGen      total 399360K, used 399330K [0x00000000d5580000, 0x00000000fd900000, 0x0000000100000000)
  eden space 240128K, 100% used [0x00000000d5580000,0x00000000e4000000,0x00000000e4000000)
  from space 159232K, 99% used [0x00000000ef880000,0x00000000f93f8b18,0x00000000f9400000)
  to   space 188928K, 0% used [0x00000000e4000000,0x00000000e4000000,0x00000000ef880000)
 ParOldGen       total 714752K, used 139348K [0x0000000080000000, 0x00000000aba00000, 0x00000000d5580000)
  object space 714752K, 19% used [0x0000000080000000,0x00000000888152e8,0x00000000aba00000)
 Metaspace       used 173181K, capacity 188684K, committed 188952K, reserved 1214464K
  class space    used 21697K, capacity 24557K, committed 24616K, reserved 1048576K
Event: 16685.385 GC heap after
Heap after GC invocations=117 (full 8):
 PSYoungGen      total 429056K, used 188903K [0x00000000d5580000, 0x0000000100000000, 0x0000000100000000)
  eden space 240128K, 0% used [0x00000000d5580000,0x00000000d5580000,0x00000000e4000000)
  from space 188928K, 99% used [0x00000000e4000000,0x00000000ef879ca8,0x00000000ef880000)
  to   space 219648K, 0% used [0x00000000f2980000,0x00000000f2980000,0x0000000100000000)
 ParOldGen       total 714752K, used 154879K [0x0000000080000000, 0x00000000aba00000, 0x00000000d5580000)
  object space 714752K, 21% used [0x0000000080000000,0x000000008973fe98,0x00000000aba00000)
 Metaspace       used 173181K, capacity 188684K, committed 188952K, reserved 1214464K
  class space    used 21697K, capacity 24557K, committed 24616K, reserved 1048576K
}
Event: 16698.198 GC heap before
{Heap before GC invocations=118 (full 8):
 PSYoungGen      total 429056K, used 429031K [0x00000000d5580000, 0x0000000100000000, 0x0000000100000000)
  eden space 240128K, 100% used [0x00000000d5580000,0x00000000e4000000,0x00000000e4000000)
  from space 188928K, 99% used [0x00000000e4000000,0x00000000ef879ca8,0x00000000ef880000)
  to   space 219648K, 0% used [0x00000000f2980000,0x00000000f2980000,0x0000000100000000)
 ParOldGen       total 714752K, used 154879K [0x0000000080000000, 0x00000000aba00000, 0x00000000d5580000)
  object space 714752K, 21% used [0x0000000080000000,0x000000008973fe98,0x00000000aba00000)
 Metaspace       used 173383K, capacity 188922K, committed 188952K, reserved 1214464K
  class space    used 21728K, capacity 24586K, committed 24616K, reserved 1048576K
Event: 16698.240 GC heap after
Heap after GC invocations=118 (full 8):
 PSYoungGen      total 482816K, used 107302K [0x00000000d5580000, 0x00000000ff880000, 0x0000000100000000)
  eden space 270848K, 0% used [0x00000000d5580000,0x00000000d5580000,0x00000000e5e00000)
  from space 211968K, 50% used [0x00000000f2980000,0x00000000f9249bf8,0x00000000ff880000)
  to   space 208384K, 0% used [0x00000000e5e00000,0x00000000e5e00000,0x00000000f2980000)
 ParOldGen       total 714752K, used 154975K [0x0000000080000000, 0x00000000aba00000, 0x00000000d5580000)
  object space 714752K, 21% used [0x0000000080000000,0x0000000089757ea8,0x00000000aba00000)
 Metaspace       used 173383K, capacity 188922K, committed 188952K, reserved 1214464K
  class space    used 21728K, capacity 24586K, committed 24616K, reserved 1048576K
}
Event: 16705.079 GC heap before
{Heap before GC invocations=119 (full 8):
 PSYoungGen      total 482816K, used 378150K [0x00000000d5580000, 0x00000000ff880000, 0x0000000100000000)
  eden space 270848K, 100% used [0x00000000d5580000,0x00000000e5e00000,0x00000000e5e00000)
  from space 211968K, 50% used [0x00000000f2980000,0x00000000f9249bf8,0x00000000ff880000)
  to   space 208384K, 0% used [0x00000000e5e00000,0x00000000e5e00000,0x00000000f2980000)
 ParOldGen       total 714752K, used 154975K [0x0000000080000000, 0x00000000aba00000, 0x00000000d5580000)
  object space 714752K, 21% used [0x0000000080000000,0x0000000089757ea8,0x00000000aba00000)
 Metaspace       used 173464K, capacity 189022K, committed 189208K, reserved 1214464K
  class space    used 21731K, capacity 24592K, committed 24616K, reserved 1048576K
Event: 16705.133 GC heap after
Heap after GC invocations=119 (full 8):
 PSYoungGen      total 382976K, used 111897K [0x00000000d5580000, 0x00000000feb80000, 0x0000000100000000)
  eden space 270848K, 0% used [0x00000000d5580000,0x00000000d5580000,0x00000000e5e00000)
  from space 112128K, 99% used [0x00000000e5e00000,0x00000000ecb46530,0x00000000ecb80000)
  to   space 199680K, 0% used [0x00000000f2880000,0x00000000f2880000,0x00000000feb80000)
 ParOldGen       total 714752K, used 177083K [0x0000000080000000, 0x00000000aba00000, 0x00000000d5580000)
  object space 714752K, 24% used [0x0000000080000000,0x000000008aceed98,0x00000000aba00000)
 Metaspace       used 173464K, capacity 189022K, committed 189208K, reserved 1214464K
  class space    used 21731K, capacity 24592K, committed 24616K, reserved 1048576K
}
Event: 16722.465 GC heap before
{Heap before GC invocations=120 (full 8):
 PSYoungGen      total 382976K, used 382745K [0x00000000d5580000, 0x00000000feb80000, 0x0000000100000000)
  eden space 270848K, 100% used [0x00000000d5580000,0x00000000e5e00000,0x00000000e5e00000)
  from space 112128K, 99% used [0x00000000e5e00000,0x00000000ecb46530,0x00000000ecb80000)
  to   space 199680K, 0% used [0x00000000f2880000,0x00000000f2880000,0x00000000feb80000)
 ParOldGen       total 714752K, used 177083K [0x0000000080000000, 0x00000000aba00000, 0x00000000d5580000)
  object space 714752K, 24% used [0x0000000080000000,0x000000008aceed98,0x00000000aba00000)
 Metaspace       used 173585K, capacity 189168K, committed 189208K, reserved 1214464K
  class space    used 21734K, capacity 24595K, committed 24616K, reserved 1048576K
Event: 16722.516 GC heap after
Heap after GC invocations=120 (full 8):
 PSYoungGen      total 482816K, used 82670K [0x00000000d5580000, 0x00000000ffa80000, 0x0000000100000000)
  eden space 283136K, 0% used [0x00000000d5580000,0x00000000d5580000,0x00000000e6a00000)
  from space 199680K, 41% used [0x00000000f2880000,0x00000000f793b858,0x00000000feb80000)
  to   space 195072K, 0% used [0x00000000e6a00000,0x00000000e6a00000,0x00000000f2880000)
 ParOldGen       total 714752K, used 188640K [0x0000000080000000, 0x00000000aba00000, 0x00000000d5580000)
  object space 714752K, 26% used [0x0000000080000000,0x000000008b838068,0x00000000aba00000)
 Metaspace       used 173585K, capacity 189168K, committed 189208K, reserved 1214464K
  class space    used 21734K, capacity 24595K, committed 24616K, reserved 1048576K
}
Event: 16723.471 GC heap before
{Heap before GC invocations=121 (full 8):
 PSYoungGen      total 482816K, used 365806K [0x00000000d5580000, 0x00000000ffa80000, 0x0000000100000000)
  eden space 283136K, 100% used [0x00000000d5580000,0x00000000e6a00000,0x00000000e6a00000)
  from space 199680K, 41% used [0x00000000f2880000,0x00000000f793b858,0x00000000feb80000)
  to   space 195072K, 0% used [0x00000000e6a00000,0x00000000e6a00000,0x00000000f2880000)
 ParOldGen       total 714752K, used 188640K [0x0000000080000000, 0x00000000aba00000, 0x00000000d5580000)
  object space 714752K, 26% used [0x0000000080000000,0x000000008b838068,0x00000000aba00000)
 Metaspace       used 173679K, capacity 189298K, committed 189592K, reserved 1214464K
  class space    used 21746K, capacity 24634K, committed 24744K, reserved 1048576K
Event: 16723.506 GC heap after
Heap after GC invocations=121 (full 8):
 PSYoungGen      total 478208K, used 81596K [0x00000000d5580000, 0x00000000ff280000, 0x0000000100000000)
  eden space 283136K, 0% used [0x00000000d5580000,0x00000000d5580000,0x00000000e6a00000)
  from space 195072K, 41% used [0x00000000e6a00000,0x00000000eb9af008,0x00000000f2880000)
  to   space 190464K, 0% used [0x00000000f3880000,0x00000000f3880000,0x00000000ff280000)
 ParOldGen       total 714752K, used 192780K [0x0000000080000000, 0x00000000aba00000, 0x00000000d5580000)
  object space 714752K, 26% used [0x0000000080000000,0x000000008bc43098,0x00000000aba00000)
 Metaspace       used 173679K, capacity 189298K, committed 189592K, reserved 1214464K
  class space    used 21746K, capacity 24634K, committed 24744K, reserved 1048576K
}

