# JRE version: OpenJDK Runtime Environment (8.0_252-b09) (build 1.8.0_252-b09)
# Java VM: OpenJDK 64-Bit Server VM (25.252-b09 mixed mode windows-amd64 compressed oops)
Heap:
 PSYoungGen      total 219136K, used 113943K [0x00000000d5580000, 0x00000000e8880000, 0x0000000100000000)
  eden space 197632K, 46% used [0x00000000d5580000,0x00000000dafca648,0x00000000e1680000)
  from space 21504K, 99% used [0x00000000e1680000,0x00000000e2b7b7e8,0x00000000e2b80000)
  to   space 22016K, 0% used [0x00000000e7300000,0x00000000e7300000,0x00000000e8880000)
 ParOldGen       total 332800K, used 17450K [0x0000000080000000, 0x0000000094500000, 0x00000000d5580000)
  object space 332800K, 5% used [0x0000000080000000,0x000000008110a9f0,0x0000000094500000)
 Metaspace       used 54953K, capacity 57104K, committed 57384K, reserved 1099776K
  class space    used 7351K, capacity 7878K, committed 7976K, reserved 1048576K
GC Heap History (10 events):
Event: 2.669 GC heap before
{Heap before GC invocations=3 (full 1):
 PSYoungGen      total 153088K, used 14522K [0x00000000d5580000, 0x00000000e8080000, 0x0000000100000000)
  eden space 131584K, 0% used [0x00000000d5580000,0x00000000d5580000,0x00000000dd600000)
  from space 21504K, 67% used [0x00000000deb00000,0x00000000df92e870,0x00000000e0000000)
  to   space 21504K, 0% used [0x00000000dd600000,0x00000000dd600000,0x00000000deb00000)
 ParOldGen       total 349696K, used 24K [0x0000000080000000, 0x0000000095580000, 0x00000000d5580000)
  object space 349696K, 0% used [0x0000000080000000,0x0000000080006000,0x0000000095580000)
 Metaspace       used 20570K, capacity 21230K, committed 21296K, reserved 1067008K
  class space    used 2893K, capacity 3095K, committed 3120K, reserved 1048576K
Event: 2.699 GC heap after
Heap after GC invocations=3 (full 1):
 PSYoungGen      total 153088K, used 0K [0x00000000d5580000, 0x00000000e8080000, 0x0000000100000000)
  eden space 131584K, 0% used [0x00000000d5580000,0x00000000d5580000,0x00000000dd600000)
  from space 21504K, 0% used [0x00000000deb00000,0x00000000deb00000,0x00000000e0000000)
  to   space 21504K, 0% used [0x00000000dd600000,0x00000000dd600000,0x00000000deb00000)
 ParOldGen       total 209920K, used 13866K [0x0000000080000000, 0x000000008cd00000, 0x00000000d5580000)
  object space 209920K, 6% used [0x0000000080000000,0x0000000080d8aac0,0x000000008cd00000)
 Metaspace       used 20570K, capacity 21230K, committed 21296K, reserved 1067008K
  class space    used 2893K, capacity 3095K, committed 3120K, reserved 1048576K
}
Event: 3.746 GC heap before
{Heap before GC invocations=4 (full 1):
 PSYoungGen      total 153088K, used 131584K [0x00000000d5580000, 0x00000000e8080000, 0x0000000100000000)
  eden space 131584K, 100% used [0x00000000d5580000,0x00000000dd600000,0x00000000dd600000)
  from space 21504K, 0% used [0x00000000deb00000,0x00000000deb00000,0x00000000e0000000)
  to   space 21504K, 0% used [0x00000000dd600000,0x00000000dd600000,0x00000000deb00000)
 ParOldGen       total 209920K, used 13866K [0x0000000080000000, 0x000000008cd00000, 0x00000000d5580000)
  object space 209920K, 6% used [0x0000000080000000,0x0000000080d8aac0,0x000000008cd00000)
 Metaspace       used 32284K, capacity 33286K, committed 33328K, reserved 1077248K
  class space    used 4369K, capacity 4630K, committed 4656K, reserved 1048576K
Event: 3.757 GC heap after
Heap after GC invocations=4 (full 1):
 PSYoungGen      total 153088K, used 13633K [0x00000000d5580000, 0x00000000e4080000, 0x0000000100000000)
  eden space 131584K, 0% used [0x00000000d5580000,0x00000000d5580000,0x00000000dd600000)
  from space 21504K, 63% used [0x00000000dd600000,0x00000000de3505c8,0x00000000deb00000)
  to   space 21504K, 0% used [0x00000000e2b80000,0x00000000e2b80000,0x00000000e4080000)
 ParOldGen       total 209920K, used 13874K [0x0000000080000000, 0x000000008cd00000, 0x00000000d5580000)
  object space 209920K, 6% used [0x0000000080000000,0x0000000080d8cac0,0x000000008cd00000)
 Metaspace       used 32284K, capacity 33286K, committed 33328K, reserved 1077248K
  class space    used 4369K, capacity 4630K, committed 4656K, reserved 1048576K
}
Event: 4.081 GC heap before
{Heap before GC invocations=5 (full 1):
 PSYoungGen      total 153088K, used 54315K [0x00000000d5580000, 0x00000000e4080000, 0x0000000100000000)
  eden space 131584K, 30% used [0x00000000d5580000,0x00000000d7d3a6c0,0x00000000dd600000)
  from space 21504K, 63% used [0x00000000dd600000,0x00000000de3505c8,0x00000000deb00000)
  to   space 21504K, 0% used [0x00000000e2b80000,0x00000000e2b80000,0x00000000e4080000)
 ParOldGen       total 209920K, used 13874K [0x0000000080000000, 0x000000008cd00000, 0x00000000d5580000)
  object space 209920K, 6% used [0x0000000080000000,0x0000000080d8cac0,0x000000008cd00000)
 Metaspace       used 34396K, capacity 35382K, committed 35496K, reserved 1079296K
  class space    used 4675K, capacity 4941K, committed 5032K, reserved 1048576K
Event: 4.087 GC heap after
Heap after GC invocations=5 (full 1):
 PSYoungGen      total 219136K, used 9475K [0x00000000d5580000, 0x00000000e4600000, 0x0000000100000000)
  eden space 197632K, 0% used [0x00000000d5580000,0x00000000d5580000,0x00000000e1680000)
  from space 21504K, 44% used [0x00000000e2b80000,0x00000000e34c0f88,0x00000000e4080000)
  to   space 21504K, 0% used [0x00000000e1680000,0x00000000e1680000,0x00000000e2b80000)
 ParOldGen       total 209920K, used 13882K [0x0000000080000000, 0x000000008cd00000, 0x00000000d5580000)
  object space 209920K, 6% used [0x0000000080000000,0x0000000080d8eac0,0x000000008cd00000)
 Metaspace       used 34396K, capacity 35382K, committed 35496K, reserved 1079296K
  class space    used 4675K, capacity 4941K, committed 5032K, reserved 1048576K
}
Event: 4.088 GC heap before
{Heap before GC invocations=6 (full 2):
 PSYoungGen      total 219136K, used 9475K [0x00000000d5580000, 0x00000000e4600000, 0x0000000100000000)
  eden space 197632K, 0% used [0x00000000d5580000,0x00000000d5580000,0x00000000e1680000)
  from space 21504K, 44% used [0x00000000e2b80000,0x00000000e34c0f88,0x00000000e4080000)
  to   space 21504K, 0% used [0x00000000e1680000,0x00000000e1680000,0x00000000e2b80000)
 ParOldGen       total 209920K, used 13882K [0x0000000080000000, 0x000000008cd00000, 0x00000000d5580000)
  object space 209920K, 6% used [0x0000000080000000,0x0000000080d8eac0,0x000000008cd00000)
 Metaspace       used 34396K, capacity 35382K, committed 35496K, reserved 1079296K
  class space    used 4675K, capacity 4941K, committed 5032K, reserved 1048576K
Event: 4.129 GC heap after
Heap after GC invocations=6 (full 2):
 PSYoungGen      total 219136K, used 0K [0x00000000d5580000, 0x00000000e4600000, 0x0000000100000000)
  eden space 197632K, 0% used [0x00000000d5580000,0x00000000d5580000,0x00000000e1680000)
  from space 21504K, 0% used [0x00000000e2b80000,0x00000000e2b80000,0x00000000e4080000)
  to   space 21504K, 0% used [0x00000000e1680000,0x00000000e1680000,0x00000000e2b80000)
 ParOldGen       total 332800K, used 16920K [0x0000000080000000, 0x0000000094500000, 0x00000000d5580000)
  object space 332800K, 5% used [0x0000000080000000,0x00000000810863d0,0x0000000094500000)
 Metaspace       used 34396K, capacity 35382K, committed 35496K, reserved 1079296K
  class space    used 4675K, capacity 4941K, committed 5032K, reserved 1048576K
}
Event: 5.872 GC heap before
{Heap before GC invocations=7 (full 2):
 PSYoungGen      total 219136K, used 197632K [0x00000000d5580000, 0x00000000e4600000, 0x0000000100000000)
  eden space 197632K, 100% used [0x00000000d5580000,0x00000000e1680000,0x00000000e1680000)
  from space 21504K, 0% used [0x00000000e2b80000,0x00000000e2b80000,0x00000000e4080000)
  to   space 21504K, 0% used [0x00000000e1680000,0x00000000e1680000,0x00000000e2b80000)
 ParOldGen       total 332800K, used 16920K [0x0000000080000000, 0x0000000094500000, 0x00000000d5580000)
  object space 332800K, 5% used [0x0000000080000000,0x00000000810863d0,0x0000000094500000)
 Metaspace       used 47729K, capacity 49574K, committed 49704K, reserved 1091584K
  class space    used 6445K, capacity 6894K, committed 6952K, reserved 1048576K
Event: 5.886 GC heap after
Heap after GC invocations=7 (full 2):
 PSYoungGen      total 219136K, used 21485K [0x00000000d5580000, 0x00000000e8880000, 0x0000000100000000)
  eden space 197632K, 0% used [0x00000000d5580000,0x00000000d5580000,0x00000000e1680000)
  from space 21504K, 99% used [0x00000000e1680000,0x00000000e2b7b7e8,0x00000000e2b80000)
  to   space 22016K, 0% used [0x00000000e7300000,0x00000000e7300000,0x00000000e8880000)
 ParOldGen       total 332800K, used 17450K [0x0000000080000000, 0x0000000094500000, 0x00000000d5580000)
  object space 332800K, 5% used [0x0000000080000000,0x000000008110a9f0,0x0000000094500000)
 Metaspace       used 47729K, capacity 49574K, committed 49704K, reserved 1091584K
  class space    used 6445K, capacity 6894K, committed 6952K, reserved 1048576K
}

