# JRE version: OpenJDK Runtime Environment (8.0_252-b09) (build 1.8.0_252-b09)
# Java VM: OpenJDK 64-Bit Server VM (25.252-b09 mixed mode windows-amd64 compressed oops)
Heap:
 PSYoungGen      total 515072K, used 360603K [0x00000000d5580000, 0x00000000f8800000, 0x0000000100000000)
  eden space 459264K, 66% used [0x00000000d5580000,0x00000000e7f28180,0x00000000f1600000)
  from space 55808K, 99% used [0x00000000f5000000,0x00000000f867eae8,0x00000000f8680000)
  to   space 58368K, 0% used [0x00000000f1600000,0x00000000f1600000,0x00000000f4f00000)
 ParOldGen       total 486400K, used 358928K [0x0000000080000000, 0x000000009db00000, 0x00000000d5580000)
  object space 486400K, 73% used [0x0000000080000000,0x0000000095e840f0,0x000000009db00000)
 Metaspace       used 120684K, capacity 128556K, committed 128808K, reserved 1161216K
  class space    used 15717K, capacity 17385K, committed 17456K, reserved 1048576K
GC Heap History (10 events):
Event: 31.162 GC heap before
{Heap before GC invocations=18 (full 4):
 PSYoungGen      total 517632K, used 517629K [0x00000000d5580000, 0x00000000f8800000, 0x0000000100000000)
  eden space 459264K, 100% used [0x00000000d5580000,0x00000000f1600000,0x00000000f1600000)
  from space 58368K, 99% used [0x00000000f1600000,0x00000000f4eff6a8,0x00000000f4f00000)
  to   space 55808K, 0% used [0x00000000f5000000,0x00000000f5000000,0x00000000f8680000)
 ParOldGen       total 486400K, used 91870K [0x0000000080000000, 0x000000009db00000, 0x00000000d5580000)
  object space 486400K, 18% used [0x0000000080000000,0x00000000859b79d8,0x000000009db00000)
 Metaspace       used 116963K, capacity 124036K, committed 124200K, reserved 1157120K
  class space    used 15321K, capacity 16881K, committed 16944K, reserved 1048576K
Event: 31.209 GC heap after
Heap after GC invocations=18 (full 4):
 PSYoungGen      total 515072K, used 55805K [0x00000000d5580000, 0x00000000f8800000, 0x0000000100000000)
  eden space 459264K, 0% used [0x00000000d5580000,0x00000000d5580000,0x00000000f1600000)
  from space 55808K, 99% used [0x00000000f5000000,0x00000000f867f748,0x00000000f8680000)
  to   space 58368K, 0% used [0x00000000f1600000,0x00000000f1600000,0x00000000f4f00000)
 ParOldGen       total 486400K, used 123576K [0x0000000080000000, 0x000000009db00000, 0x00000000d5580000)
  object space 486400K, 25% used [0x0000000080000000,0x00000000878ae0a8,0x000000009db00000)
 Metaspace       used 116963K, capacity 124036K, committed 124200K, reserved 1157120K
  class space    used 15321K, capacity 16881K, committed 16944K, reserved 1048576K
}
Event: 32.931 GC heap before
{Heap before GC invocations=19 (full 4):
 PSYoungGen      total 515072K, used 515069K [0x00000000d5580000, 0x00000000f8800000, 0x0000000100000000)
  eden space 459264K, 100% used [0x00000000d5580000,0x00000000f1600000,0x00000000f1600000)
  from space 55808K, 99% used [0x00000000f5000000,0x00000000f867f748,0x00000000f8680000)
  to   space 58368K, 0% used [0x00000000f1600000,0x00000000f1600000,0x00000000f4f00000)
 ParOldGen       total 486400K, used 123576K [0x0000000080000000, 0x000000009db00000, 0x00000000d5580000)
  object space 486400K, 25% used [0x0000000080000000,0x00000000878ae0a8,0x000000009db00000)
 Metaspace       used 118413K, capacity 125682K, committed 125864K, reserved 1159168K
  class space    used 15442K, capacity 17016K, committed 17072K, reserved 1048576K
Event: 32.987 GC heap after
Heap after GC invocations=19 (full 4):
 PSYoungGen      total 517632K, used 58363K [0x00000000d5580000, 0x00000000f8800000, 0x0000000100000000)
  eden space 459264K, 0% used [0x00000000d5580000,0x00000000d5580000,0x00000000f1600000)
  from space 58368K, 99% used [0x00000000f1600000,0x00000000f4efeef0,0x00000000f4f00000)
  to   space 55808K, 0% used [0x00000000f5000000,0x00000000f5000000,0x00000000f8680000)
 ParOldGen       total 486400K, used 194160K [0x0000000080000000, 0x000000009db00000, 0x00000000d5580000)
  object space 486400K, 39% used [0x0000000080000000,0x000000008bd9c380,0x000000009db00000)
 Metaspace       used 118413K, capacity 125682K, committed 125864K, reserved 1159168K
  class space    used 15442K, capacity 17016K, committed 17072K, reserved 1048576K
}
Event: 33.567 GC heap before
{Heap before GC invocations=20 (full 4):
 PSYoungGen      total 517632K, used 517627K [0x00000000d5580000, 0x00000000f8800000, 0x0000000100000000)
  eden space 459264K, 100% used [0x00000000d5580000,0x00000000f1600000,0x00000000f1600000)
  from space 58368K, 99% used [0x00000000f1600000,0x00000000f4efeef0,0x00000000f4f00000)
  to   space 55808K, 0% used [0x00000000f5000000,0x00000000f5000000,0x00000000f8680000)
 ParOldGen       total 486400K, used 194160K [0x0000000080000000, 0x000000009db00000, 0x00000000d5580000)
  object space 486400K, 39% used [0x0000000080000000,0x000000008bd9c380,0x000000009db00000)
 Metaspace       used 118469K, capacity 125692K, committed 125864K, reserved 1159168K
  class space    used 15445K, capacity 17017K, committed 17072K, reserved 1048576K
Event: 33.654 GC heap after
Heap after GC invocations=20 (full 4):
 PSYoungGen      total 515072K, used 55801K [0x00000000d5580000, 0x00000000f8800000, 0x0000000100000000)
  eden space 459264K, 0% used [0x00000000d5580000,0x00000000d5580000,0x00000000f1600000)
  from space 55808K, 99% used [0x00000000f5000000,0x00000000f867e588,0x00000000f8680000)
  to   space 58368K, 0% used [0x00000000f1600000,0x00000000f1600000,0x00000000f4f00000)
 ParOldGen       total 486400K, used 276567K [0x0000000080000000, 0x000000009db00000, 0x00000000d5580000)
  object space 486400K, 56% used [0x0000000080000000,0x0000000090e15d38,0x000000009db00000)
 Metaspace       used 118469K, capacity 125692K, committed 125864K, reserved 1159168K
  class space    used 15445K, capacity 17017K, committed 17072K, reserved 1048576K
}
Event: 34.498 GC heap before
{Heap before GC invocations=21 (full 4):
 PSYoungGen      total 515072K, used 515065K [0x00000000d5580000, 0x00000000f8800000, 0x0000000100000000)
  eden space 459264K, 100% used [0x00000000d5580000,0x00000000f1600000,0x00000000f1600000)
  from space 55808K, 99% used [0x00000000f5000000,0x00000000f867e588,0x00000000f8680000)
  to   space 58368K, 0% used [0x00000000f1600000,0x00000000f1600000,0x00000000f4f00000)
 ParOldGen       total 486400K, used 276567K [0x0000000080000000, 0x000000009db00000, 0x00000000d5580000)
  object space 486400K, 56% used [0x0000000080000000,0x0000000090e15d38,0x000000009db00000)
 Metaspace       used 119401K, capacity 127004K, committed 127272K, reserved 1159168K
  class space    used 15559K, capacity 17187K, committed 17200K, reserved 1048576K
Event: 34.543 GC heap after
Heap after GC invocations=21 (full 4):
 PSYoungGen      total 517632K, used 20596K [0x00000000d5580000, 0x00000000f8800000, 0x0000000100000000)
  eden space 459264K, 0% used [0x00000000d5580000,0x00000000d5580000,0x00000000f1600000)
  from space 58368K, 35% used [0x00000000f1600000,0x00000000f2a1d290,0x00000000f4f00000)
  to   space 55808K, 0% used [0x00000000f5000000,0x00000000f5000000,0x00000000f8680000)
 ParOldGen       total 486400K, used 330868K [0x0000000080000000, 0x000000009db00000, 0x00000000d5580000)
  object space 486400K, 68% used [0x0000000080000000,0x000000009431d188,0x000000009db00000)
 Metaspace       used 119401K, capacity 127004K, committed 127272K, reserved 1159168K
  class space    used 15559K, capacity 17187K, committed 17200K, reserved 1048576K
}
Event: 35.339 GC heap before
{Heap before GC invocations=22 (full 4):
 PSYoungGen      total 517632K, used 479860K [0x00000000d5580000, 0x00000000f8800000, 0x0000000100000000)
  eden space 459264K, 100% used [0x00000000d5580000,0x00000000f1600000,0x00000000f1600000)
  from space 58368K, 35% used [0x00000000f1600000,0x00000000f2a1d290,0x00000000f4f00000)
  to   space 55808K, 0% used [0x00000000f5000000,0x00000000f5000000,0x00000000f8680000)
 ParOldGen       total 486400K, used 330868K [0x0000000080000000, 0x000000009db00000, 0x00000000d5580000)
  object space 486400K, 68% used [0x0000000080000000,0x000000009431d188,0x000000009db00000)
 Metaspace       used 119761K, capacity 127424K, committed 127656K, reserved 1159168K
  class space    used 15594K, capacity 17231K, committed 17328K, reserved 1048576K
Event: 35.371 GC heap after
Heap after GC invocations=22 (full 4):
 PSYoungGen      total 515072K, used 55802K [0x00000000d5580000, 0x00000000f8800000, 0x0000000100000000)
  eden space 459264K, 0% used [0x00000000d5580000,0x00000000d5580000,0x00000000f1600000)
  from space 55808K, 99% used [0x00000000f5000000,0x00000000f867eae8,0x00000000f8680000)
  to   space 58368K, 0% used [0x00000000f1600000,0x00000000f1600000,0x00000000f4f00000)
 ParOldGen       total 486400K, used 358928K [0x0000000080000000, 0x000000009db00000, 0x00000000d5580000)
  object space 486400K, 73% used [0x0000000080000000,0x0000000095e840f0,0x000000009db00000)
 Metaspace       used 119761K, capacity 127424K, committed 127656K, reserved 1159168K
  class space    used 15594K, capacity 17231K, committed 17328K, reserved 1048576K
}

